2019-03-27 18:56:18,428 - Hybrid Framework -INFO - Opened URL
2019-03-27 18:56:28,436 - Hybrid Framework -ERROR - Unable to open login page java.lang.NullPointerException
2019-03-27 18:56:28,562 - Hybrid Framework -ERROR - Failed to enter the input for the element EmailID and the exception is org.openqa.selenium.NoSuchElementException: no such element: Unable to locate element: {"method":"id","selector":"email"}
  (Session info: chrome=73.0.3683.86)
  (Driver info: chromedriver=2.37.544315 (730aa6a5fdba159ac9f4c1e8cbc59bf1b5ce12b7),platform=Windows NT 10.0.14393 x86_64) (WARNING: The server did not provide any stacktrace information)
Command duration or timeout: 0 milliseconds
For documentation on this error, please visit: https://www.seleniumhq.org/exceptions/no_such_element.html
Build info: version: '3.141.59', revision: 'e82be7d358', time: '2018-11-14T08:17:03'
System info: host: 'THANGAM-LT', ip: '10.0.0.2', os.name: 'Windows 10', os.arch: 'amd64', os.version: '10.0', java.version: '1.8.0_131'
Driver info: org.openqa.selenium.chrome.ChromeDriver
Capabilities {acceptInsecureCerts: false, acceptSslCerts: false, applicationCacheEnabled: false, browserConnectionEnabled: false, browserName: chrome, chrome: {chromedriverVersion: 2.37.544315 (730aa6a5fdba15..., userDataDir: C:\Users\sundar\AppData\Loc...}, cssSelectorsEnabled: true, databaseEnabled: false, handlesAlerts: true, hasTouchScreen: false, javascriptEnabled: true, locationContextEnabled: true, mobileEmulationEnabled: false, nativeEvents: true, networkConnectionEnabled: false, pageLoadStrategy: normal, platform: XP, platformName: XP, rotatable: false, setWindowRect: true, takesHeapSnapshot: true, takesScreenshot: true, unexpectedAlertBehaviour: , unhandledPromptBehavior: , version: 73.0.3683.86, webStorageEnabled: true}
Session ID: 8dd7d8e6037852c1b898697da8bec134
*** Element info: {Using=id, value=email}
2019-03-27 18:56:28,617 - Hybrid Framework -ERROR - Failed to enter the input for the element Password and the exception is org.openqa.selenium.NoSuchElementException: no such element: Unable to locate element: {"method":"id","selector":"pass"}
  (Session info: chrome=73.0.3683.86)
  (Driver info: chromedriver=2.37.544315 (730aa6a5fdba159ac9f4c1e8cbc59bf1b5ce12b7),platform=Windows NT 10.0.14393 x86_64) (WARNING: The server did not provide any stacktrace information)
Command duration or timeout: 0 milliseconds
For documentation on this error, please visit: https://www.seleniumhq.org/exceptions/no_such_element.html
Build info: version: '3.141.59', revision: 'e82be7d358', time: '2018-11-14T08:17:03'
System info: host: 'THANGAM-LT', ip: '10.0.0.2', os.name: 'Windows 10', os.arch: 'amd64', os.version: '10.0', java.version: '1.8.0_131'
Driver info: org.openqa.selenium.chrome.ChromeDriver
Capabilities {acceptInsecureCerts: false, acceptSslCerts: false, applicationCacheEnabled: false, browserConnectionEnabled: false, browserName: chrome, chrome: {chromedriverVersion: 2.37.544315 (730aa6a5fdba15..., userDataDir: C:\Users\sundar\AppData\Loc...}, cssSelectorsEnabled: true, databaseEnabled: false, handlesAlerts: true, hasTouchScreen: false, javascriptEnabled: true, locationContextEnabled: true, mobileEmulationEnabled: false, nativeEvents: true, networkConnectionEnabled: false, pageLoadStrategy: normal, platform: XP, platformName: XP, rotatable: false, setWindowRect: true, takesHeapSnapshot: true, takesScreenshot: true, unexpectedAlertBehaviour: , unhandledPromptBehavior: , version: 73.0.3683.86, webStorageEnabled: true}
Session ID: 8dd7d8e6037852c1b898697da8bec134
*** Element info: {Using=id, value=pass}
2019-03-27 18:56:28,659 - Hybrid Framework -ERROR - Failed to click the element Login Button and the exception is org.openqa.selenium.NoSuchElementException: no such element: Unable to locate element: {"method":"xpath","selector":"//*[@id='send2']"}
  (Session info: chrome=73.0.3683.86)
  (Driver info: chromedriver=2.37.544315 (730aa6a5fdba159ac9f4c1e8cbc59bf1b5ce12b7),platform=Windows NT 10.0.14393 x86_64) (WARNING: The server did not provide any stacktrace information)
Command duration or timeout: 0 milliseconds
For documentation on this error, please visit: https://www.seleniumhq.org/exceptions/no_such_element.html
Build info: version: '3.141.59', revision: 'e82be7d358', time: '2018-11-14T08:17:03'
System info: host: 'THANGAM-LT', ip: '10.0.0.2', os.name: 'Windows 10', os.arch: 'amd64', os.version: '10.0', java.version: '1.8.0_131'
Driver info: org.openqa.selenium.chrome.ChromeDriver
Capabilities {acceptInsecureCerts: false, acceptSslCerts: false, applicationCacheEnabled: false, browserConnectionEnabled: false, browserName: chrome, chrome: {chromedriverVersion: 2.37.544315 (730aa6a5fdba15..., userDataDir: C:\Users\sundar\AppData\Loc...}, cssSelectorsEnabled: true, databaseEnabled: false, handlesAlerts: true, hasTouchScreen: false, javascriptEnabled: true, locationContextEnabled: true, mobileEmulationEnabled: false, nativeEvents: true, networkConnectionEnabled: false, pageLoadStrategy: normal, platform: XP, platformName: XP, rotatable: false, setWindowRect: true, takesHeapSnapshot: true, takesScreenshot: true, unexpectedAlertBehaviour: , unhandledPromptBehavior: , version: 73.0.3683.86, webStorageEnabled: true}
Session ID: 8dd7d8e6037852c1b898697da8bec134
*** Element info: {Using=xpath, value=//*[@id='send2']}
2019-03-27 18:56:29,665 - Hybrid Framework -INFO - Login is successful
2019-03-27 18:56:29,810 - Hybrid Framework -ERROR - Failed to mouse over and click the element Logout Link and the exception is org.openqa.selenium.NoSuchElementException: no such element: Unable to locate element: {"method":"xpath","selector":"//ul[@id='usr-menu']/li[5]/a"}
  (Session info: chrome=73.0.3683.86)
  (Driver info: chromedriver=2.37.544315 (730aa6a5fdba159ac9f4c1e8cbc59bf1b5ce12b7),platform=Windows NT 10.0.14393 x86_64) (WARNING: The server did not provide any stacktrace information)
Command duration or timeout: 0 milliseconds
For documentation on this error, please visit: https://www.seleniumhq.org/exceptions/no_such_element.html
Build info: version: '3.141.59', revision: 'e82be7d358', time: '2018-11-14T08:17:03'
System info: host: 'THANGAM-LT', ip: '10.0.0.2', os.name: 'Windows 10', os.arch: 'amd64', os.version: '10.0', java.version: '1.8.0_131'
Driver info: org.openqa.selenium.chrome.ChromeDriver
Capabilities {acceptInsecureCerts: false, acceptSslCerts: false, applicationCacheEnabled: false, browserConnectionEnabled: false, browserName: chrome, chrome: {chromedriverVersion: 2.37.544315 (730aa6a5fdba15..., userDataDir: C:\Users\sundar\AppData\Loc...}, cssSelectorsEnabled: true, databaseEnabled: false, handlesAlerts: true, hasTouchScreen: false, javascriptEnabled: true, locationContextEnabled: true, mobileEmulationEnabled: false, nativeEvents: true, networkConnectionEnabled: false, pageLoadStrategy: normal, platform: XP, platformName: XP, rotatable: false, setWindowRect: true, takesHeapSnapshot: true, takesScreenshot: true, unexpectedAlertBehaviour: , unhandledPromptBehavior: , version: 73.0.3683.86, webStorageEnabled: true}
Session ID: 8dd7d8e6037852c1b898697da8bec134
*** Element info: {Using=xpath, value=//ul[@id='usr-menu']/li[5]/a}
2019-03-27 18:57:15,547 - Hybrid Framework -INFO - Opened URL
2019-03-27 18:57:19,961 - Hybrid Framework -INFO - Mouseover and click is successful for the element LoginLink
2019-03-27 18:57:20,386 - Hybrid Framework -INFO - Passed keys to the element EmailID
2019-03-27 18:57:20,658 - Hybrid Framework -INFO - Passed keys to the element Password
2019-03-27 18:57:22,127 - Hybrid Framework -INFO - Clicked the element Login Button
2019-03-27 18:57:23,134 - Hybrid Framework -INFO - Login is successful
2019-03-27 18:57:23,234 - Hybrid Framework -ERROR - Failed to mouse over and click the element Logout Link and the exception is org.openqa.selenium.NoSuchElementException: no such element: Unable to locate element: {"method":"xpath","selector":"//ul[@id='usr-menu']/li[5]/a"}
  (Session info: chrome=73.0.3683.86)
  (Driver info: chromedriver=2.37.544315 (730aa6a5fdba159ac9f4c1e8cbc59bf1b5ce12b7),platform=Windows NT 10.0.14393 x86_64) (WARNING: The server did not provide any stacktrace information)
Command duration or timeout: 0 milliseconds
For documentation on this error, please visit: https://www.seleniumhq.org/exceptions/no_such_element.html
Build info: version: '3.141.59', revision: 'e82be7d358', time: '2018-11-14T08:17:03'
System info: host: 'THANGAM-LT', ip: '10.0.0.2', os.name: 'Windows 10', os.arch: 'amd64', os.version: '10.0', java.version: '1.8.0_131'
Driver info: org.openqa.selenium.chrome.ChromeDriver
Capabilities {acceptInsecureCerts: false, acceptSslCerts: false, applicationCacheEnabled: false, browserConnectionEnabled: false, browserName: chrome, chrome: {chromedriverVersion: 2.37.544315 (730aa6a5fdba15..., userDataDir: C:\Users\sundar\AppData\Loc...}, cssSelectorsEnabled: true, databaseEnabled: false, handlesAlerts: true, hasTouchScreen: false, javascriptEnabled: true, locationContextEnabled: true, mobileEmulationEnabled: false, nativeEvents: true, networkConnectionEnabled: false, pageLoadStrategy: normal, platform: XP, platformName: XP, rotatable: false, setWindowRect: true, takesHeapSnapshot: true, takesScreenshot: true, unexpectedAlertBehaviour: , unhandledPromptBehavior: , version: 73.0.3683.86, webStorageEnabled: true}
Session ID: 34f8d902d2a29c68c0999c4264dacbf9
*** Element info: {Using=xpath, value=//ul[@id='usr-menu']/li[5]/a}
2019-03-27 19:04:09,761 - Hybrid Framework -INFO - Opened URL
2019-03-27 19:04:14,039 - Hybrid Framework -INFO - Mouseover and click is successful for the element LoginLink
2019-03-27 19:04:14,488 - Hybrid Framework -INFO - Passed keys to the element EmailID
2019-03-27 19:04:14,684 - Hybrid Framework -INFO - Passed keys to the element Password
2019-03-27 19:04:14,846 - Hybrid Framework -INFO - Clicked the element Login Button
2019-03-27 19:04:15,848 - Hybrid Framework -INFO - Login is successful
2019-03-27 19:04:15,973 - Hybrid Framework -ERROR - Failed to mouse over and click the element Logout Link and the exception is org.openqa.selenium.NoSuchElementException: no such element: Unable to locate element: {"method":"xpath","selector":"//ul[@id='usr-menu']/li[5]/a"}
  (Session info: chrome=73.0.3683.86)
  (Driver info: chromedriver=2.37.544315 (730aa6a5fdba159ac9f4c1e8cbc59bf1b5ce12b7),platform=Windows NT 10.0.14393 x86_64) (WARNING: The server did not provide any stacktrace information)
Command duration or timeout: 0 milliseconds
For documentation on this error, please visit: https://www.seleniumhq.org/exceptions/no_such_element.html
Build info: version: '3.141.59', revision: 'e82be7d358', time: '2018-11-14T08:17:03'
System info: host: 'THANGAM-LT', ip: '10.0.0.2', os.name: 'Windows 10', os.arch: 'amd64', os.version: '10.0', java.version: '1.8.0_131'
Driver info: org.openqa.selenium.chrome.ChromeDriver
Capabilities {acceptInsecureCerts: false, acceptSslCerts: false, applicationCacheEnabled: false, browserConnectionEnabled: false, browserName: chrome, chrome: {chromedriverVersion: 2.37.544315 (730aa6a5fdba15..., userDataDir: C:\Users\sundar\AppData\Loc...}, cssSelectorsEnabled: true, databaseEnabled: false, handlesAlerts: true, hasTouchScreen: false, javascriptEnabled: true, locationContextEnabled: true, mobileEmulationEnabled: false, nativeEvents: true, networkConnectionEnabled: false, pageLoadStrategy: normal, platform: XP, platformName: XP, rotatable: false, setWindowRect: true, takesHeapSnapshot: true, takesScreenshot: true, unexpectedAlertBehaviour: , unhandledPromptBehavior: , version: 73.0.3683.86, webStorageEnabled: true}
Session ID: 9f07f1ca55358b8755bd1d4f34b94724
*** Element info: {Using=xpath, value=//ul[@id='usr-menu']/li[5]/a}
2019-03-27 19:05:07,912 - Hybrid Framework -INFO - Opened URL
2019-03-27 19:05:12,459 - Hybrid Framework -INFO - Mouseover and click is successful for the element LoginLink
2019-03-27 19:05:12,904 - Hybrid Framework -INFO - Passed keys to the element EmailID
2019-03-27 19:05:13,149 - Hybrid Framework -INFO - Passed keys to the element Password
2019-03-27 19:05:15,851 - Hybrid Framework -INFO - Clicked the element Login Button
2019-03-27 19:05:16,856 - Hybrid Framework -INFO - Login is successful
2019-03-27 19:05:18,086 - Hybrid Framework -INFO - Mouseover and click is successful for the element Logout Link
2019-03-27 19:09:33,298 - Hybrid Framework -INFO - Opened URL
2019-03-27 19:09:37,566 - Hybrid Framework -INFO - Mouseover and click is successful for the element LoginLink
2019-03-27 19:09:37,908 - Hybrid Framework -INFO - Passed keys to the element EmailID
2019-03-27 19:09:38,114 - Hybrid Framework -INFO - Passed keys to the element Password
2019-03-27 19:09:41,016 - Hybrid Framework -INFO - Clicked the element Login Button
2019-03-27 19:09:42,017 - Hybrid Framework -INFO - Login is successful
2019-03-27 19:09:43,939 - Hybrid Framework -INFO - Mouseover and click is successful for the element MyAccountPage
2019-03-27 19:09:45,376 - Hybrid Framework -INFO - Clicked the element Change Password Tab
2019-03-27 19:09:45,633 - Hybrid Framework -INFO - Passed keys to the element Current Password
2019-03-27 19:09:45,884 - Hybrid Framework -INFO - Passed keys to the element New Password
2019-03-27 19:09:46,130 - Hybrid Framework -INFO - Passed keys to the element Confirm Password
2019-03-27 19:09:48,953 - Hybrid Framework -INFO - Clicked the element Submit button of Change Password
2019-03-27 19:09:53,346 - Hybrid Framework -INFO - Mouseover and click is successful for the element Logout Link
2019-03-27 19:09:53,348 - Hybrid Framework -INFO - Change Password is successful
2019-03-27 19:14:15,501 - Hybrid Framework -INFO - Opened URL
2019-03-27 19:14:20,053 - Hybrid Framework -INFO - Mouseover and click is successful for the element LoginLink
2019-03-27 19:14:20,470 - Hybrid Framework -INFO - Passed keys to the element EmailID
2019-03-27 19:14:20,696 - Hybrid Framework -INFO - Passed keys to the element Password
2019-03-27 19:14:23,565 - Hybrid Framework -INFO - Clicked the element Login Button
2019-03-27 19:14:24,565 - Hybrid Framework -INFO - Login is successful
2019-03-27 19:14:26,471 - Hybrid Framework -INFO - Mouseover and click is successful for the element MyAccountPage
2019-03-27 19:14:28,049 - Hybrid Framework -INFO - Clicked the element Change Password Tab
2019-03-27 19:14:28,301 - Hybrid Framework -INFO - Passed keys to the element Current Password
2019-03-27 19:14:28,545 - Hybrid Framework -INFO - Passed keys to the element New Password
2019-03-27 19:14:28,789 - Hybrid Framework -INFO - Passed keys to the element Confirm Password
2019-03-27 19:14:31,189 - Hybrid Framework -INFO - Clicked the element Submit button of Change Password
2019-03-27 19:14:35,521 - Hybrid Framework -INFO - Mouseover and click is successful for the element Logout Link
2019-03-27 19:14:35,521 - Hybrid Framework -INFO - Change Password is successful
2019-03-27 20:29:49,674 - Hybrid Framework -INFO - Opened URL
2019-03-27 20:29:53,928 - Hybrid Framework -INFO - Mouseover and click is successful for the element LoginLink
2019-03-27 20:29:54,331 - Hybrid Framework -INFO - Passed keys to the element EmailID
2019-03-27 20:29:54,538 - Hybrid Framework -INFO - Passed keys to the element Password
2019-03-27 20:29:57,023 - Hybrid Framework -INFO - Clicked the element Login Button
2019-03-27 20:29:58,024 - Hybrid Framework -INFO - Login is successful
2019-03-27 20:29:59,702 - Hybrid Framework -INFO - Mouseover and click is successful for the element MyAccountPage
2019-03-27 20:30:00,876 - Hybrid Framework -INFO - Clicked the element Change Password Tab
2019-03-27 20:30:01,084 - Hybrid Framework -INFO - Passed keys to the element Current Password
2019-03-27 20:30:01,338 - Hybrid Framework -INFO - Passed keys to the element New Password
2019-03-27 20:30:01,586 - Hybrid Framework -INFO - Passed keys to the element Confirm Password
2019-03-27 20:30:03,944 - Hybrid Framework -INFO - Clicked the element Submit button of Change Password
2019-03-27 20:30:08,131 - Hybrid Framework -INFO - Mouseover and click is successful for the element Logout Link
2019-03-27 20:30:08,131 - Hybrid Framework -INFO - Change Password is successful
2019-03-27 20:45:42,274 - Hybrid Framework -INFO - Opened URL
2019-03-27 20:45:46,893 - Hybrid Framework -INFO - Mouseover and click is successful for the element LoginLink
2019-03-27 20:45:47,215 - Hybrid Framework -INFO - Passed keys to the element EmailID
2019-03-27 20:45:47,408 - Hybrid Framework -INFO - Passed keys to the element Password
2019-03-27 20:45:51,314 - Hybrid Framework -INFO - Clicked the element Login Button
2019-03-27 20:45:52,315 - Hybrid Framework -INFO - Login is successful
2019-03-27 20:45:54,572 - Hybrid Framework -INFO - Mouseover and click is successful for the element MyAccountPage
2019-03-27 20:45:56,026 - Hybrid Framework -INFO - Clicked the element Change Password Tab
2019-03-27 20:45:56,265 - Hybrid Framework -INFO - Passed keys to the element Current Password
2019-03-27 20:45:56,485 - Hybrid Framework -INFO - Passed keys to the element New Password
2019-03-27 20:45:56,739 - Hybrid Framework -INFO - Passed keys to the element Confirm Password
2019-03-27 20:45:59,709 - Hybrid Framework -INFO - Clicked the element Submit button of Change Password
2019-03-27 20:46:04,200 - Hybrid Framework -INFO - Mouseover and click is successful for the element Logout Link
2019-03-27 20:46:04,201 - Hybrid Framework -INFO - Change Password is successful
2019-03-28 14:26:13,012 - Hybrid Framework -INFO - Opened URL
2019-03-28 14:26:17,292 - Hybrid Framework -INFO - Mouseover and click is successful for the element LoginLink
2019-03-28 14:26:17,694 - Hybrid Framework -INFO - Passed keys to the element EmailID
2019-03-28 14:26:17,898 - Hybrid Framework -INFO - Passed keys to the element Password
2019-03-28 14:26:20,955 - Hybrid Framework -INFO - Clicked the element Login Button
2019-03-28 14:26:21,956 - Hybrid Framework -INFO - Login is successful
2019-03-28 14:26:23,755 - Hybrid Framework -INFO - Mouseover and click is successful for the element MyAccountPage
2019-03-28 14:26:25,139 - Hybrid Framework -INFO - Clicked the element Change Password Tab
2019-03-28 14:26:25,366 - Hybrid Framework -INFO - Passed keys to the element Current Password
2019-03-28 14:26:25,587 - Hybrid Framework -INFO - Passed keys to the element New Password
2019-03-28 14:26:25,803 - Hybrid Framework -INFO - Passed keys to the element Confirm Password
2019-03-28 14:26:28,781 - Hybrid Framework -INFO - Clicked the element Submit button of Change Password
2019-03-28 14:26:33,121 - Hybrid Framework -INFO - Mouseover and click is successful for the element Logout Link
2019-03-28 14:26:33,121 - Hybrid Framework -INFO - Change Password is successful
2019-03-28 14:41:22,874 - Hybrid Framework -INFO - Opened URL
2019-03-28 14:41:27,174 - Hybrid Framework -INFO - Mouseover and click is successful for the element LoginLink
2019-03-28 14:41:27,521 - Hybrid Framework -INFO - Passed keys to the element EmailID
2019-03-28 14:41:27,701 - Hybrid Framework -INFO - Passed keys to the element Password
2019-03-28 14:41:30,663 - Hybrid Framework -INFO - Clicked the element Login Button
2019-03-28 14:41:31,684 - Hybrid Framework -INFO - Login is successful
2019-03-28 14:41:32,838 - Hybrid Framework -INFO - Mouseover and click is successful for the element Logout Link
2019-03-28 14:43:05,793 - Hybrid Framework -INFO - Opened URL
2019-03-28 14:43:10,051 - Hybrid Framework -INFO - Mouseover and click is successful for the element LoginLink
2019-03-28 14:43:10,532 - Hybrid Framework -INFO - Passed keys to the element EmailID
2019-03-28 14:43:10,749 - Hybrid Framework -INFO - Passed keys to the element Password
2019-03-28 14:43:13,564 - Hybrid Framework -INFO - Clicked the element Login Button
2019-03-28 14:43:14,567 - Hybrid Framework -INFO - Login is successful
2019-03-28 14:43:15,801 - Hybrid Framework -INFO - Mouseover and click is successful for the element Logout Link
2019-03-28 14:45:17,349 - Hybrid Framework -INFO - Opened URL
2019-03-28 14:45:21,695 - Hybrid Framework -INFO - Mouseover and click is successful for the element LoginLink
2019-03-28 14:45:22,130 - Hybrid Framework -INFO - Passed keys to the element EmailID
2019-03-28 14:45:22,342 - Hybrid Framework -INFO - Passed keys to the element Password
2019-03-28 14:45:24,944 - Hybrid Framework -INFO - Clicked the element Login Button
2019-03-28 14:45:25,945 - Hybrid Framework -INFO - Login is successful
2019-03-28 14:45:27,109 - Hybrid Framework -INFO - Mouseover and click is successful for the element Logout Link
2019-03-28 14:50:04,831 - Hybrid Framework -INFO - Opened URL
2019-03-28 14:50:07,938 - Hybrid Framework -INFO - Element Hightlighted successfullyaccountHeader
2019-03-28 14:50:09,260 - Hybrid Framework -INFO - Mouseover and click is successful for the element LoginLink
2019-03-28 14:50:09,684 - Hybrid Framework -INFO - Passed keys to the element EmailID
2019-03-28 14:50:09,904 - Hybrid Framework -INFO - Passed keys to the element Password
2019-03-28 14:50:09,956 - Hybrid Framework -INFO - Element Hightlighted successfullyloginButton
2019-03-28 14:50:13,116 - Hybrid Framework -INFO - Clicked the element Login Button
2019-03-28 14:50:14,119 - Hybrid Framework -INFO - Login is successful
2019-03-28 14:50:14,181 - Hybrid Framework -INFO - Element Hightlighted successfullyaccountHeader
2019-03-28 14:50:15,940 - Hybrid Framework -INFO - Mouseover and click is successful for the element MyAccountPage
2019-03-28 14:50:15,996 - Hybrid Framework -INFO - Element Hightlighted successfullychangePassword
2019-03-28 14:50:17,197 - Hybrid Framework -INFO - Clicked the element Change Password Tab
2019-03-28 14:50:17,422 - Hybrid Framework -INFO - Passed keys to the element Current Password
2019-03-28 14:50:17,662 - Hybrid Framework -INFO - Passed keys to the element New Password
2019-03-28 14:50:17,882 - Hybrid Framework -INFO - Passed keys to the element Confirm Password
2019-03-28 14:50:17,930 - Hybrid Framework -INFO - Element Hightlighted successfullychangePasswordSubmit
2019-03-28 14:50:20,171 - Hybrid Framework -INFO - Clicked the element Submit button of Change Password
2019-03-28 14:50:23,272 - Hybrid Framework -INFO - Element Hightlighted successfullylogoutLink
2019-03-28 14:50:24,495 - Hybrid Framework -INFO - Mouseover and click is successful for the element Logout Link
2019-03-28 14:50:24,499 - Hybrid Framework -INFO - Change Password is successful
2019-03-28 14:53:44,042 - Hybrid Framework -INFO - Opened URL
2019-03-28 14:53:47,119 - Hybrid Framework -INFO - Element Hightlighted successfully accountHeader
2019-03-28 14:53:48,243 - Hybrid Framework -INFO - Mouseover and click is successful for the element LoginLink
2019-03-28 14:53:48,679 - Hybrid Framework -INFO - Passed keys to the element EmailID
2019-03-28 14:53:48,899 - Hybrid Framework -INFO - Passed keys to the element Password
2019-03-28 14:53:48,948 - Hybrid Framework -INFO - Element Hightlighted successfully loginButton
2019-03-28 14:53:51,740 - Hybrid Framework -INFO - Clicked the element Login Button
2019-03-28 14:53:52,746 - Hybrid Framework -INFO - Login is successful
2019-03-28 14:53:52,815 - Hybrid Framework -INFO - Element Hightlighted successfully logoutLink
2019-03-28 14:53:53,979 - Hybrid Framework -INFO - Mouseover and click is successful for the element Logout Link
2019-03-28 16:30:11,384 - Hybrid Framework -INFO - Opened URL
2019-03-28 16:30:14,455 - Hybrid Framework -INFO - Element Hightlighted successfully accountHeader
2019-03-28 16:30:15,740 - Hybrid Framework -INFO - Mouseover and click is successful for the element LoginLink
2019-03-28 16:30:16,137 - Hybrid Framework -INFO - Passed keys to the element EmailID
2019-03-28 16:30:16,362 - Hybrid Framework -INFO - Passed keys to the element Password
2019-03-28 16:30:16,417 - Hybrid Framework -INFO - Element Hightlighted successfully loginButton
2019-03-28 16:30:18,807 - Hybrid Framework -INFO - Clicked the element Login Button
2019-03-28 16:30:19,809 - Hybrid Framework -INFO - Login is successful
2019-03-28 16:30:19,868 - Hybrid Framework -INFO - Element Hightlighted successfully accountHeader
2019-03-28 16:30:21,561 - Hybrid Framework -INFO - Mouseover and click is successful for the element MyAccountPage
2019-03-28 16:30:21,619 - Hybrid Framework -INFO - Element Hightlighted successfully changePassword
2019-03-28 16:30:22,815 - Hybrid Framework -INFO - Clicked the element Change Password Tab
2019-03-28 16:30:23,080 - Hybrid Framework -INFO - Passed keys to the element Current Password
2019-03-28 16:30:23,343 - Hybrid Framework -INFO - Passed keys to the element New Password
2019-03-28 16:30:23,585 - Hybrid Framework -INFO - Passed keys to the element Confirm Password
2019-03-28 16:30:23,632 - Hybrid Framework -INFO - Element Hightlighted successfully changePasswordSubmit
2019-03-28 16:30:25,621 - Hybrid Framework -INFO - Clicked the element Submit button of Change Password
2019-03-28 16:30:28,667 - Hybrid Framework -INFO - Element Hightlighted successfully logoutLink
2019-03-28 16:30:29,833 - Hybrid Framework -INFO - Mouseover and click is successful for the element Logout Link
2019-03-28 16:30:29,833 - Hybrid Framework -INFO - Change Password is successful
2019-03-28 18:34:53,124 - Hybrid Framework -INFO - Opened URL
2019-03-28 18:34:56,232 - Hybrid Framework -INFO - Element Hightlighted successfully accountHeader
2019-03-28 18:34:57,490 - Hybrid Framework -INFO - Mouseover and click is successful for the element LoginLink
2019-03-28 18:34:57,911 - Hybrid Framework -INFO - Passed keys to the element EmailID
2019-03-28 18:34:58,234 - Hybrid Framework -INFO - Passed keys to the element Password
2019-03-28 18:34:58,295 - Hybrid Framework -INFO - Element Hightlighted successfully loginButton
2019-03-28 18:35:01,385 - Hybrid Framework -INFO - Clicked the element Login Button
2019-03-28 18:35:02,386 - Hybrid Framework -INFO - Login is successful
2019-03-28 18:35:02,461 - Hybrid Framework -INFO - Element Hightlighted successfully accountHeader
2019-03-28 18:35:04,364 - Hybrid Framework -INFO - Mouseover and click is successful for the element MyAccountPage
2019-03-28 18:35:04,435 - Hybrid Framework -INFO - Element Hightlighted successfully changePassword
2019-03-28 18:35:06,072 - Hybrid Framework -INFO - Clicked the element Change Password Tab
2019-03-28 18:35:06,325 - Hybrid Framework -INFO - Passed keys to the element Current Password
2019-03-28 18:35:06,578 - Hybrid Framework -INFO - Passed keys to the element New Password
2019-03-28 18:35:06,825 - Hybrid Framework -INFO - Passed keys to the element Confirm Password
2019-03-28 18:35:06,874 - Hybrid Framework -INFO - Element Hightlighted successfully changePasswordSubmit
2019-03-28 18:35:09,019 - Hybrid Framework -INFO - Clicked the element Submit button of Change Password
2019-03-28 18:35:12,076 - Hybrid Framework -INFO - Element Hightlighted successfully logoutLink
2019-03-28 18:35:13,388 - Hybrid Framework -INFO - Mouseover and click is successful for the element Logout Link
2019-03-28 18:35:13,389 - Hybrid Framework -INFO - Change Password is successful
2019-03-28 18:44:05,912 - Hybrid Framework -INFO - Opened URL
2019-03-28 18:44:09,068 - Hybrid Framework -ERROR - Element Highlight is unsuccessful accountHeader and the exception is org.openqa.selenium.NoSuchWindowException: Currently focused window has been closed.
Build info: version: '3.141.59', revision: 'e82be7d358', time: '2018-11-14T08:17:03'
System info: host: 'THANGAM-LT', ip: '10.0.0.2', os.name: 'Windows 10', os.arch: 'amd64', os.version: '10.0', java.version: '1.8.0_131'
Driver info: org.openqa.selenium.ie.InternetExplorerDriver
Capabilities {acceptInsecureCerts: false, browserName: internet explorer, browserVersion: 11, javascriptEnabled: true, pageLoadStrategy: normal, platform: WINDOWS, platformName: WINDOWS, proxy: Proxy(), se:ieOptions: {browserAttachTimeout: 0, elementScrollBehavior: 0, enablePersistentHover: true, ie.browserCommandLineSwitches: , ie.ensureCleanSession: false, ie.fileUploadDialogTimeout: 3000, ie.forceCreateProcessApi: false, ignoreProtectedModeSettings: false, ignoreZoomSetting: false, initialBrowserUrl: http://localhost:43448/, nativeEvents: true, requireWindowFocus: false}, setWindowRect: true, timeouts: {implicit: 0, pageLoad: 300000, script: 30000}}
Session ID: 099d7f2b-6d0e-4789-8b51-d73ef0b1e6d3
*** Element info: {Using=xpath, value=//a[@id='usr-icn']/span[1]}
2019-03-28 18:44:09,109 - Hybrid Framework -ERROR - Failed to mouse over and click the element LoginLink and the exception is org.openqa.selenium.NoSuchWindowException: Currently focused window has been closed.
Build info: version: '3.141.59', revision: 'e82be7d358', time: '2018-11-14T08:17:03'
System info: host: 'THANGAM-LT', ip: '10.0.0.2', os.name: 'Windows 10', os.arch: 'amd64', os.version: '10.0', java.version: '1.8.0_131'
Driver info: org.openqa.selenium.ie.InternetExplorerDriver
Capabilities {acceptInsecureCerts: false, browserName: internet explorer, browserVersion: 11, javascriptEnabled: true, pageLoadStrategy: normal, platform: WINDOWS, platformName: WINDOWS, proxy: Proxy(), se:ieOptions: {browserAttachTimeout: 0, elementScrollBehavior: 0, enablePersistentHover: true, ie.browserCommandLineSwitches: , ie.ensureCleanSession: false, ie.fileUploadDialogTimeout: 3000, ie.forceCreateProcessApi: false, ignoreProtectedModeSettings: false, ignoreZoomSetting: false, initialBrowserUrl: http://localhost:43448/, nativeEvents: true, requireWindowFocus: false}, setWindowRect: true, timeouts: {implicit: 0, pageLoad: 300000, script: 30000}}
Session ID: 099d7f2b-6d0e-4789-8b51-d73ef0b1e6d3
*** Element info: {Using=xpath, value=//a[@id='usr-icn']/span[1]}
2019-03-28 18:44:09,149 - Hybrid Framework -ERROR - Failed to enter the input for the element EmailID and the exception is org.openqa.selenium.NoSuchWindowException: Currently focused window has been closed.
Build info: version: '3.141.59', revision: 'e82be7d358', time: '2018-11-14T08:17:03'
System info: host: 'THANGAM-LT', ip: '10.0.0.2', os.name: 'Windows 10', os.arch: 'amd64', os.version: '10.0', java.version: '1.8.0_131'
Driver info: org.openqa.selenium.ie.InternetExplorerDriver
Capabilities {acceptInsecureCerts: false, browserName: internet explorer, browserVersion: 11, javascriptEnabled: true, pageLoadStrategy: normal, platform: WINDOWS, platformName: WINDOWS, proxy: Proxy(), se:ieOptions: {browserAttachTimeout: 0, elementScrollBehavior: 0, enablePersistentHover: true, ie.browserCommandLineSwitches: , ie.ensureCleanSession: false, ie.fileUploadDialogTimeout: 3000, ie.forceCreateProcessApi: false, ignoreProtectedModeSettings: false, ignoreZoomSetting: false, initialBrowserUrl: http://localhost:43448/, nativeEvents: true, requireWindowFocus: false}, setWindowRect: true, timeouts: {implicit: 0, pageLoad: 300000, script: 30000}}
Session ID: 099d7f2b-6d0e-4789-8b51-d73ef0b1e6d3
*** Element info: {Using=id, value=email}
2019-03-28 18:44:09,172 - Hybrid Framework -ERROR - Failed to enter the input for the element Password and the exception is org.openqa.selenium.NoSuchWindowException: Currently focused window has been closed.
Build info: version: '3.141.59', revision: 'e82be7d358', time: '2018-11-14T08:17:03'
System info: host: 'THANGAM-LT', ip: '10.0.0.2', os.name: 'Windows 10', os.arch: 'amd64', os.version: '10.0', java.version: '1.8.0_131'
Driver info: org.openqa.selenium.ie.InternetExplorerDriver
Capabilities {acceptInsecureCerts: false, browserName: internet explorer, browserVersion: 11, javascriptEnabled: true, pageLoadStrategy: normal, platform: WINDOWS, platformName: WINDOWS, proxy: Proxy(), se:ieOptions: {browserAttachTimeout: 0, elementScrollBehavior: 0, enablePersistentHover: true, ie.browserCommandLineSwitches: , ie.ensureCleanSession: false, ie.fileUploadDialogTimeout: 3000, ie.forceCreateProcessApi: false, ignoreProtectedModeSettings: false, ignoreZoomSetting: false, initialBrowserUrl: http://localhost:43448/, nativeEvents: true, requireWindowFocus: false}, setWindowRect: true, timeouts: {implicit: 0, pageLoad: 300000, script: 30000}}
Session ID: 099d7f2b-6d0e-4789-8b51-d73ef0b1e6d3
*** Element info: {Using=id, value=pass}
2019-03-28 18:44:09,193 - Hybrid Framework -ERROR - Element Highlight is unsuccessful loginButton and the exception is org.openqa.selenium.NoSuchWindowException: Currently focused window has been closed.
Build info: version: '3.141.59', revision: 'e82be7d358', time: '2018-11-14T08:17:03'
System info: host: 'THANGAM-LT', ip: '10.0.0.2', os.name: 'Windows 10', os.arch: 'amd64', os.version: '10.0', java.version: '1.8.0_131'
Driver info: org.openqa.selenium.ie.InternetExplorerDriver
Capabilities {acceptInsecureCerts: false, browserName: internet explorer, browserVersion: 11, javascriptEnabled: true, pageLoadStrategy: normal, platform: WINDOWS, platformName: WINDOWS, proxy: Proxy(), se:ieOptions: {browserAttachTimeout: 0, elementScrollBehavior: 0, enablePersistentHover: true, ie.browserCommandLineSwitches: , ie.ensureCleanSession: false, ie.fileUploadDialogTimeout: 3000, ie.forceCreateProcessApi: false, ignoreProtectedModeSettings: false, ignoreZoomSetting: false, initialBrowserUrl: http://localhost:43448/, nativeEvents: true, requireWindowFocus: false}, setWindowRect: true, timeouts: {implicit: 0, pageLoad: 300000, script: 30000}}
Session ID: 099d7f2b-6d0e-4789-8b51-d73ef0b1e6d3
*** Element info: {Using=xpath, value=//*[@id='send2']}
2019-03-28 18:44:09,214 - Hybrid Framework -ERROR - Failed to click the element Login Button and the exception is org.openqa.selenium.NoSuchWindowException: Currently focused window has been closed.
Build info: version: '3.141.59', revision: 'e82be7d358', time: '2018-11-14T08:17:03'
System info: host: 'THANGAM-LT', ip: '10.0.0.2', os.name: 'Windows 10', os.arch: 'amd64', os.version: '10.0', java.version: '1.8.0_131'
Driver info: org.openqa.selenium.ie.InternetExplorerDriver
Capabilities {acceptInsecureCerts: false, browserName: internet explorer, browserVersion: 11, javascriptEnabled: true, pageLoadStrategy: normal, platform: WINDOWS, platformName: WINDOWS, proxy: Proxy(), se:ieOptions: {browserAttachTimeout: 0, elementScrollBehavior: 0, enablePersistentHover: true, ie.browserCommandLineSwitches: , ie.ensureCleanSession: false, ie.fileUploadDialogTimeout: 3000, ie.forceCreateProcessApi: false, ignoreProtectedModeSettings: false, ignoreZoomSetting: false, initialBrowserUrl: http://localhost:43448/, nativeEvents: true, requireWindowFocus: false}, setWindowRect: true, timeouts: {implicit: 0, pageLoad: 300000, script: 30000}}
Session ID: 099d7f2b-6d0e-4789-8b51-d73ef0b1e6d3
*** Element info: {Using=xpath, value=//*[@id='send2']}
2019-03-28 18:44:10,217 - Hybrid Framework -INFO - Login is successful
2019-03-28 18:44:10,254 - Hybrid Framework -ERROR - Element Highlight is unsuccessful logoutLink and the exception is org.openqa.selenium.NoSuchWindowException: Currently focused window has been closed.
Build info: version: '3.141.59', revision: 'e82be7d358', time: '2018-11-14T08:17:03'
System info: host: 'THANGAM-LT', ip: '10.0.0.2', os.name: 'Windows 10', os.arch: 'amd64', os.version: '10.0', java.version: '1.8.0_131'
Driver info: org.openqa.selenium.ie.InternetExplorerDriver
Capabilities {acceptInsecureCerts: false, browserName: internet explorer, browserVersion: 11, javascriptEnabled: true, pageLoadStrategy: normal, platform: WINDOWS, platformName: WINDOWS, proxy: Proxy(), se:ieOptions: {browserAttachTimeout: 0, elementScrollBehavior: 0, enablePersistentHover: true, ie.browserCommandLineSwitches: , ie.ensureCleanSession: false, ie.fileUploadDialogTimeout: 3000, ie.forceCreateProcessApi: false, ignoreProtectedModeSettings: false, ignoreZoomSetting: false, initialBrowserUrl: http://localhost:43448/, nativeEvents: true, requireWindowFocus: false}, setWindowRect: true, timeouts: {implicit: 0, pageLoad: 300000, script: 30000}}
Session ID: 099d7f2b-6d0e-4789-8b51-d73ef0b1e6d3
*** Element info: {Using=xpath, value=//a[@id='usr-icn']/span[1]}
2019-03-28 18:44:10,275 - Hybrid Framework -ERROR - Failed to mouse over and click the element Logout Link and the exception is org.openqa.selenium.NoSuchWindowException: Currently focused window has been closed.
Build info: version: '3.141.59', revision: 'e82be7d358', time: '2018-11-14T08:17:03'
System info: host: 'THANGAM-LT', ip: '10.0.0.2', os.name: 'Windows 10', os.arch: 'amd64', os.version: '10.0', java.version: '1.8.0_131'
Driver info: org.openqa.selenium.ie.InternetExplorerDriver
Capabilities {acceptInsecureCerts: false, browserName: internet explorer, browserVersion: 11, javascriptEnabled: true, pageLoadStrategy: normal, platform: WINDOWS, platformName: WINDOWS, proxy: Proxy(), se:ieOptions: {browserAttachTimeout: 0, elementScrollBehavior: 0, enablePersistentHover: true, ie.browserCommandLineSwitches: , ie.ensureCleanSession: false, ie.fileUploadDialogTimeout: 3000, ie.forceCreateProcessApi: false, ignoreProtectedModeSettings: false, ignoreZoomSetting: false, initialBrowserUrl: http://localhost:43448/, nativeEvents: true, requireWindowFocus: false}, setWindowRect: true, timeouts: {implicit: 0, pageLoad: 300000, script: 30000}}
Session ID: 099d7f2b-6d0e-4789-8b51-d73ef0b1e6d3
*** Element info: {Using=xpath, value=//a[@id='usr-icn']/span[1]}
2019-03-29 21:31:24,109 - Hybrid Framework -INFO - Opened URL
2019-03-29 21:31:27,245 - Hybrid Framework -INFO - Element Hightlighted successfully accountHeader
2019-03-29 21:31:28,697 - Hybrid Framework -INFO - Mouseover and click is successful for the element LoginLink
2019-03-29 21:31:29,106 - Hybrid Framework -INFO - Passed keys to the element EmailID
2019-03-29 21:31:29,318 - Hybrid Framework -INFO - Passed keys to the element Password
2019-03-29 21:31:29,363 - Hybrid Framework -INFO - Element Hightlighted successfully loginButton
2019-03-29 21:31:32,807 - Hybrid Framework -INFO - Clicked the element Login Button
2019-03-29 21:31:33,809 - Hybrid Framework -INFO - Login is successful
2019-03-29 21:31:33,865 - Hybrid Framework -INFO - Element Hightlighted successfully accountHeader
2019-03-29 21:31:36,031 - Hybrid Framework -INFO - Mouseover and click is successful for the element MyAccountPage
2019-03-29 21:31:36,082 - Hybrid Framework -INFO - Element Hightlighted successfully changePassword
2019-03-29 21:31:37,551 - Hybrid Framework -INFO - Clicked the element Change Password Tab
2019-03-29 21:31:37,779 - Hybrid Framework -INFO - Passed keys to the element Current Password
2019-03-29 21:31:37,998 - Hybrid Framework -INFO - Passed keys to the element New Password
2019-03-29 21:31:38,215 - Hybrid Framework -INFO - Passed keys to the element Confirm Password
2019-03-29 21:31:38,260 - Hybrid Framework -INFO - Element Hightlighted successfully changePasswordSubmit
2019-03-29 21:31:41,148 - Hybrid Framework -INFO - Clicked the element Submit button of Change Password
2019-03-29 21:31:44,203 - Hybrid Framework -INFO - Element Hightlighted successfully logoutLink
2019-03-29 21:31:45,516 - Hybrid Framework -INFO - Mouseover and click is successful for the element Logout Link
2019-03-29 21:31:45,517 - Hybrid Framework -INFO - Change Password is successful
